<?xml version="1.0" encoding="utf-8"?><testsuites name="pytest tests"><testsuite name="pytest" errors="0" failures="0" skipped="0" tests="19" time="4.645" timestamp="2026-06-25T13:25:55.528031+00:00" hostname="agent-env-b8b3da7a-9cce-4d13-a3f3-09a2e779799c"><testcase classname="backend.tests.test_iteration15.TestWorkforceProducts" name="test_list_returns_only_eligible" time="0.972" /><testcase classname="backend.tests.test_iteration15.TestWorkforceTiers" name="test_defaults" time="0.098" /><testcase classname="backend.tests.test_iteration15.TestWorkforceTiers" name="test_update_requires_auth" time="0.103" /><testcase classname="backend.tests.test_iteration15.TestWorkforceTiers" name="test_update_valid" time="0.218" /><testcase classname="backend.tests.test_iteration15.TestWorkforceTiers" name="test_update_invalid_pct" time="0.095" /><testcase classname="backend.tests.test_iteration15.TestWorkforceTiers" name="test_update_invalid_min_qty" time="0.098" /><testcase classname="backend.tests.test_iteration15.TestWorkforceCheckout" name="test_checkout_pricing_12_tees" time="0.915" /><testcase classname="backend.tests.test_iteration15.TestWorkforceCheckout" name="test_checkout_rejects_non_eligible" time="0.153" /><testcase classname="backend.tests.test_iteration15.TestWorkforceCheckout" name="test_checkout_rejects_back_print_when_not_allowed" time="0.299" /><testcase classname="backend.tests.test_iteration15.TestWorkforceCheckout" name="test_checkout_over_threshold" time="0.190" /><testcase classname="backend.tests.test_iteration15.TestWorkforceQuote" name="test_quote_success" time="0.191" /><testcase classname="backend.tests.test_iteration15.TestWorkforceQuote" name="test_quote_missing_contact" time="0.104" /><testcase classname="backend.tests.test_iteration15.TestWorkforceQuote" name="test_quote_below_threshold_rejected" time="0.104" /><testcase classname="backend.tests.test_iteration15.TestAlsoBought" name="test_admin_set_and_get" time="0.196" /><testcase classname="backend.tests.test_iteration15.TestAlsoBought" name="test_self_reference_rejected" time="0.104" /><testcase classname="backend.tests.test_iteration15.TestAlsoBought" name="test_over_six_rejected" time="0.196" /><testcase classname="backend.tests.test_iteration15.TestAlsoBought" name="test_unknown_id_rejected" time="0.105" /><testcase classname="backend.tests.test_iteration15.TestAlsoBought" name="test_auto_fallback_when_empty" time="0.205" /><testcase classname="backend.tests.test_iteration15.TestAdminMetaRegression" name="test_meta_persists_workforce_and_also" time="0.206" /></testsuite></testsuites>