<?xml version="1.0" encoding="utf-8"?><testsuites name="pytest tests"><testsuite name="pytest" errors="0" failures="1" skipped="0" tests="16" time="39.681" timestamp="2026-07-01T20:55:49.837165+00:00" hostname="agent-env-b8b3da7a-9cce-4d13-a3f3-09a2e779799c"><testcase classname="backend.tests.test_iteration28.TestPageCopy" name="test_get_page_copy_home_empty_returns_object" time="0.255" /><testcase classname="backend.tests.test_iteration28.TestPageCopy" name="test_get_page_copy_unknown_slug_returns_404" time="0.091" /><testcase classname="backend.tests.test_iteration28.TestPageCopy" name="test_patch_page_copy_home_and_verify_persistence" time="0.509" /><testcase classname="backend.tests.test_iteration28.TestPageCopy" name="test_patch_page_copy_unknown_slug_returns_400" time="0.150" /><testcase classname="backend.tests.test_iteration28.TestPageCopy" name="test_patch_page_copy_requires_admin" time="0.172" /><testcase classname="backend.tests.test_iteration28.TestPageCopy" name="test_get_admin_page_copy_slugs_requires_admin" time="0.191" /><testcase classname="backend.tests.test_iteration28.TestProductOverrides" name="test_override_requires_admin" time="35.880" /><testcase classname="backend.tests.test_iteration28.TestProductOverrides" name="test_patch_product_override_and_verify_on_public_product" time="0.308" /><testcase classname="backend.tests.test_iteration28.TestProductOverrides" name="test_delete_product_override_clears_it" time="0.302" /><testcase classname="backend.tests.test_iteration28.TestProductOverrides" name="test_override_nonexistent_product_returns_404" time="0.138" /><testcase classname="backend.tests.test_iteration28.TestConfiguratorSettings" name="test_admin_get_configurator_settings_requires_admin" time="0.133" /><testcase classname="backend.tests.test_iteration28.TestConfiguratorSettings" name="test_admin_get_configurator_settings_returns_defaults" time="0.134" /><testcase classname="backend.tests.test_iteration28.TestConfiguratorSettings" name="test_patch_full_squad_addons_persists_to_config" time="0.369"><failure message="AssertionError: BUG: PATCH /admin/full-squad/addons whitelist at server.py:3851 does NOT include 'gym_bag_addon_price' — got 4.0&#10;assert 4.0 == 5.5&#10; +  where 4.0 = float(4.0)&#10; +    where 4.0 = &lt;built-in method get of dict object at 0xff3318af2c80&gt;('gym_bag_addon_price')&#10; +      where &lt;built-in method get of dict object at 0xff3318af2c80&gt; = {'sleeve_print_price': 2.0, 'back_upload_print_price': 4.0, 'back_name_and_number_price': 6.0, 'gym_bag_addon_price': 4.0}.get">backend/tests/test_iteration28.py:175: in test_patch_full_squad_addons_persists_to_config
    assert float(addons.get("gym_bag_addon_price")) == 5.5, (
E   AssertionError: BUG: PATCH /admin/full-squad/addons whitelist at server.py:3851 does NOT include 'gym_bag_addon_price' — got 4.0
E   assert 4.0 == 5.5
E    +  where 4.0 = float(4.0)
E    +    where 4.0 = &lt;built-in method get of dict object at 0xff3318af2c80&gt;('gym_bag_addon_price')
E    +      where &lt;built-in method get of dict object at 0xff3318af2c80&gt; = {'sleeve_print_price': 2.0, 'back_upload_print_price': 4.0, 'back_name_and_number_price': 6.0, 'gym_bag_addon_price': 4.0}.get</failure></testcase><testcase classname="backend.tests.test_iteration28.TestConfiguratorSettings" name="test_patch_full_squad_addons_whitelisted_key_works" time="0.636" /><testcase classname="backend.tests.test_iteration28.TestZzzCleanup" name="test_cleanup_home_page_copy" time="0.144" /><testcase classname="backend.tests.test_iteration28.TestZzzCleanup" name="test_cleanup_teams_schools_page_copy" time="0.164" /></testsuite></testsuites>