<?xml version="1.0" encoding="utf-8"?><testsuites name="pytest tests"><testsuite name="pytest" errors="0" failures="0" skipped="0" tests="5" time="0.762" timestamp="2026-07-01T11:55:06.462221+00:00" hostname="agent-env-b8b3da7a-9cce-4d13-a3f3-09a2e779799c"><testcase classname="backend.tests.test_iteration23.TestQuoteRequestNewShape" name="test_full_squad_new_shape_accepted" time="0.237" /><testcase classname="backend.tests.test_iteration23.TestQuoteRequestNewShape" name="test_full_squad_with_roster_and_sleeve_message" time="0.122" /><testcase classname="backend.tests.test_iteration23.TestQuoteRequestNewShape" name="test_missing_required_returns_422_with_array_detail" time="0.094" /><testcase classname="backend.tests.test_iteration23.TestQuoteRequestNewShape" name="test_invalid_email_returns_422" time="0.137" /><testcase classname="backend.tests.test_iteration23.TestFullSquadConfigRegression" name="test_config_still_returns_expected_shape" time="0.102" /></testsuite></testsuites>