<?xml version="1.0" encoding="utf-8"?><testsuites name="pytest tests"><testsuite name="pytest" errors="0" failures="0" skipped="0" tests="34" time="5.735" timestamp="2026-06-25T11:36:45.683600+00:00" hostname="agent-env-b8b3da7a-9cce-4d13-a3f3-09a2e779799c"><testcase classname="backend.tests.test_iteration14.TestAuth" name="test_login_valid" time="0.472" /><testcase classname="backend.tests.test_iteration14.TestAuth" name="test_login_invalid_password" time="0.329" /><testcase classname="backend.tests.test_iteration14.TestAuth" name="test_login_unknown_email" time="0.142" /><testcase classname="backend.tests.test_iteration14.TestAuth" name="test_me_no_token" time="0.103" /><testcase classname="backend.tests.test_iteration14.TestAuth" name="test_me_with_token" time="0.418" /><testcase classname="backend.tests.test_iteration14.TestAuth" name="test_me_with_invalid_token" time="0.121" /><testcase classname="backend.tests.test_iteration14.TestAuthGates" name="test_protected_unauth_returns_401[GET-/admin/products]" time="0.094" /><testcase classname="backend.tests.test_iteration14.TestAuthGates" name="test_protected_unauth_returns_401[GET-/admin/designer-products]" time="0.099" /><testcase classname="backend.tests.test_iteration14.TestAuthGates" name="test_protected_unauth_returns_401[GET-/admin/qa]" time="0.098" /><testcase classname="backend.tests.test_iteration14.TestAuthGates" name="test_protected_unauth_returns_401[PATCH-/admin/products/workwear-jacket/meta]" time="0.313" /><testcase classname="backend.tests.test_iteration14.TestAuthGates" name="test_protected_unauth_returns_401[PATCH-/admin/designer-products/personalised-tee]" time="0.099" /><testcase classname="backend.tests.test_iteration14.TestAuthGates" name="test_protected_unauth_returns_401[PATCH-/admin/bulk-tiers/defaults]" time="0.097" /><testcase classname="backend.tests.test_iteration14.TestAuthGates" name="test_protected_unauth_returns_401[POST-/admin/qa/anyid/answer]" time="0.101" /><testcase classname="backend.tests.test_iteration14.TestAuthGates" name="test_protected_unauth_returns_401[DELETE-/admin/qa/anyid]" time="0.129" /><testcase classname="backend.tests.test_iteration14.TestAuthGates" name="test_protected_unauth_returns_401[POST-/team-kit-brands]" time="0.098" /><testcase classname="backend.tests.test_iteration14.TestAuthGates" name="test_protected_unauth_returns_401[PUT-/team-kit-brands/xyz]" time="0.088" /><testcase classname="backend.tests.test_iteration14.TestAuthGates" name="test_protected_unauth_returns_401[DELETE-/team-kit-brands/xyz]" time="0.093" /><testcase classname="backend.tests.test_iteration14.TestAuthGates" name="test_protected_unauth_returns_401[POST-/reviews/import-judgeme]" time="0.099" /><testcase classname="backend.tests.test_iteration14.TestAuthGates" name="test_admin_products_with_token" time="0.098" /><testcase classname="backend.tests.test_iteration14.TestAuthGates" name="test_admin_qa_with_token" time="0.109" /><testcase classname="backend.tests.test_iteration14.TestPublicRegression" name="test_products_list_public" time="0.094" /><testcase classname="backend.tests.test_iteration14.TestPublicRegression" name="test_placements_public" time="0.099" /><testcase classname="backend.tests.test_iteration14.TestAllowedPlacements" name="test_default_all_7" time="0.193" /><testcase classname="backend.tests.test_iteration14.TestAllowedPlacements" name="test_reject_invalid_front_back" time="0.108" /><testcase classname="backend.tests.test_iteration14.TestAllowedPlacements" name="test_reject_front_print" time="0.099" /><testcase classname="backend.tests.test_iteration14.TestAllowedPlacements" name="test_subset_persists" time="0.301" /><testcase classname="backend.tests.test_iteration14.TestAllowedPlacements" name="test_get_unknown_product" time="0.097" /><testcase classname="backend.tests.test_iteration14.TestQA" name="test_create_question" time="0.107" /><testcase classname="backend.tests.test_iteration14.TestQA" name="test_list_qa_shows_question" time="0.134" /><testcase classname="backend.tests.test_iteration14.TestQA" name="test_short_question_rejected" time="0.092" /><testcase classname="backend.tests.test_iteration14.TestQA" name="test_unknown_product_rejected" time="0.102" /><testcase classname="backend.tests.test_iteration14.TestQA" name="test_admin_answer_persists" time="0.214" /><testcase classname="backend.tests.test_iteration14.TestQA" name="test_admin_qa_listing_unanswered_first" time="0.191" /><testcase classname="backend.tests.test_iteration14.TestQA" name="test_admin_delete" time="0.336" /></testsuite></testsuites>