<?xml version="1.0" encoding="utf-8"?><testsuites name="pytest tests"><testsuite name="pytest" errors="0" failures="0" skipped="0" tests="6" time="0.556" timestamp="2026-07-01T13:44:05.604259+00:00" hostname="agent-env-b8b3da7a-9cce-4d13-a3f3-09a2e779799c"><testcase classname="backend.tests.test_iteration25.TestFullSquadConfig" name="test_get_config_shape" time="0.181" /><testcase classname="backend.tests.test_iteration25.TestFullSquadConfig" name="test_supports_names_numbers_only_on_match_day" time="0.047" /><testcase classname="backend.tests.test_iteration25.TestFullSquadConfig" name="test_gym_bag_addon_price_present" time="0.049" /><testcase classname="backend.tests.test_iteration25.TestFullSquadConfig" name="test_included_items" time="0.047" /><testcase classname="backend.tests.test_iteration25.TestQuoteRequestIter25" name="test_full_squad_submit_with_gym_bag" time="0.047" /><testcase classname="backend.tests.test_iteration25.TestQuoteRequestIter25" name="test_sports_outfit_submit_split_sizes" time="0.114" /></testsuite></testsuites>