<?xml version="1.0" encoding="utf-8"?><testsuites name="pytest tests"><testsuite name="pytest" errors="0" failures="0" skipped="0" tests="9" time="2.121" timestamp="2026-07-01T14:38:56.591072+00:00" hostname="agent-env-b8b3da7a-9cce-4d13-a3f3-09a2e779799c"><testcase classname="backend.tests.test_iteration26.TestArtworkUpload" name="test_upload_and_fetch" time="0.831" /><testcase classname="backend.tests.test_iteration26.TestArtworkUpload" name="test_reject_bad_data_url" time="0.046" /><testcase classname="backend.tests.test_iteration26.TestShopFacets" name="test_hoodies_facets_no_gender_fit" time="0.048" /><testcase classname="backend.tests.test_iteration26.TestShopFacets" name="test_hoodies_filter_black_price" time="0.048" /><testcase classname="backend.tests.test_iteration26.TestShopFacets" name="test_tshirts_endpoint_ok" time="0.047" /><testcase classname="backend.tests.test_iteration26.TestCollectionSeo" name="test_seo_default_empty" time="0.093" /><testcase classname="backend.tests.test_iteration26.TestCollectionSeo" name="test_admin_write_then_public_read" time="0.416" /><testcase classname="backend.tests.test_iteration26.TestCollectionSeo" name="test_admin_wipe_seo" time="0.100" /><testcase classname="backend.tests.test_iteration26.TestQuoteRequestAttachments" name="test_submit_with_attachments" time="0.303" /></testsuite></testsuites>