<?xml version="1.0" encoding="utf-8"?><testsuites name="pytest tests"><testsuite name="pytest" errors="0" failures="1" skipped="0" tests="12" time="2.369" timestamp="2026-07-01T11:49:06.389728+00:00" hostname="agent-env-b8b3da7a-9cce-4d13-a3f3-09a2e779799c"><testcase classname="backend.tests.test_iteration22.TestFullSquadConfig" name="test_full_squad_config_shape" time="0.254" /><testcase classname="backend.tests.test_iteration22.TestFullSquadConfig" name="test_match_day_supports_names_numbers_flag" time="0.106" /><testcase classname="backend.tests.test_iteration22.TestFullSquadConfig" name="test_match_day_has_football_jersey" time="0.100" /><testcase classname="backend.tests.test_iteration22.TestTeamKitBrands" name="test_list_without_filter" time="0.120" /><testcase classname="backend.tests.test_iteration22.TestTeamKitBrands" name="test_list_with_product_id_filter" time="0.126" /><testcase classname="backend.tests.test_iteration22.TestTeamKitBrands" name="test_admin_crud" time="0.929" /><testcase classname="backend.tests.test_iteration22.TestTeamKitBrands" name="test_admin_rejects_invalid_product_id" time="0.104" /><testcase classname="backend.tests.test_iteration22.TestTeamKitBrands" name="test_admin_unauthenticated_rejected" time="0.109" /><testcase classname="backend.tests.test_iteration22.TestQuoteRequest" name="test_submit_quote_frontend_shape" time="0.092"><failure message="AssertionError: Frontend-shape submit failed with 422: {&quot;detail&quot;:[{&quot;type&quot;:&quot;missing&quot;,&quot;loc&quot;:[&quot;body&quot;,&quot;kind&quot;],&quot;msg&quot;:&quot;Field required&quot;,&quot;input&quot;:{&quot;flow&quot;:&quot;full-squad-configurator&quot;,&quot;team_name&quot;:&quot;TEST_iter22 FC&quot;,&quot;contact_name&quot;:&quot;Test Manager&quot;,&quot;contact_email&quot;:&quot;test@example.com&quot;,&quot;contact_phone&quot;:&quot;+441234567890&quot;,&quot;message&quot;:&quot;Full Squad quote — Roster: 3 players. Items: [Match Day set] Jersey — S×3. Estimated £56.97.&quot;},&quot;url&quot;:&quot;https://errors.pydantic.dev/2.13/v/missing&quot;},{&quot;type&quot;:&quot;missing&quot;,&quot;loc&quot;:[&quot;body&quot;,&quot;name&quot;],&quot;msg&quot;:&quot;Field required&quot;,&quot;input&quot;:{&quot;flow&quot;:&quot;full-squad-configurator&quot;,&quot;team_name&quot;:&quot;TEST_iter22 FC&quot;,&quot;contact_name&quot;:&quot;Test Manager&quot;,&quot;contact_email&quot;:&quot;test@example.com&quot;,&quot;contact_phone&quot;:&quot;+441234567890&quot;,&quot;message&quot;:&quot;Full Squad quote — Roster: 3 players. Items: [Match Day set] Jersey — S×3. Estimated £56.97.&quot;},&quot;url&quot;:&quot;https://errors.pydantic.dev/2.13/v/missing&quot;},{&quot;type&quot;:&quot;missing&quot;,&quot;loc&quot;:[&quot;body&quot;,&quot;email&quot;],&quot;msg&quot;:&quot;Field required&quot;,&quot;input&quot;:{&quot;flow&quot;:&quot;full-squad-configurator&quot;,&quot;team_name&quot;:&quot;TEST_iter22 FC&quot;,&quot;contact_name&quot;:&quot;Test Manager&quot;,&quot;contact_email&quot;:&quot;test@example.com&quot;,&quot;contact_phone&quot;:&quot;+441234567890&quot;,&quot;message&quot;:&quot;Full Squad quote — Roster: 3 players. Items: [Match Day set] Jersey — S×3. Estimated £56.97.&quot;},&quot;url&quot;:&quot;https://errors.pydantic.dev/2.13/v/missing&quot;}]}&#10;assert 422 == 200&#10; +  where 422 = &lt;Response [422]&gt;.status_code">backend/tests/test_iteration22.py:137: in test_submit_quote_frontend_shape
    assert r.status_code == 200, f"Frontend-shape submit failed with {r.status_code}: {r.text}"
E   AssertionError: Frontend-shape submit failed with 422: {"detail":[{"type":"missing","loc":["body","kind"],"msg":"Field required","input":{"flow":"full-squad-configurator","team_name":"TEST_iter22 FC","contact_name":"Test Manager","contact_email":"test@example.com","contact_phone":"+441234567890","message":"Full Squad quote — Roster: 3 players. Items: [Match Day set] Jersey — S×3. Estimated £56.97."},"url":"https://errors.pydantic.dev/2.13/v/missing"},{"type":"missing","loc":["body","name"],"msg":"Field required","input":{"flow":"full-squad-configurator","team_name":"TEST_iter22 FC","contact_name":"Test Manager","contact_email":"test@example.com","contact_phone":"+441234567890","message":"Full Squad quote — Roster: 3 players. Items: [Match Day set] Jersey — S×3. Estimated £56.97."},"url":"https://errors.pydantic.dev/2.13/v/missing"},{"type":"missing","loc":["body","email"],"msg":"Field required","input":{"flow":"full-squad-configurator","team_name":"TEST_iter22 FC","contact_name":"Test Manager","contact_email":"test@example.com","contact_phone":"+441234567890","message":"Full Squad quote — Roster: 3 players. Items: [Match Day set] Jersey — S×3. Estimated £56.97."},"url":"https://errors.pydantic.dev/2.13/v/missing"}]}
E   assert 422 == 200
E    +  where 422 = &lt;Response [422]&gt;.status_code</failure></testcase><testcase classname="backend.tests.test_iteration22.TestQuoteRequest" name="test_submit_quote_backend_shape" time="0.099" /><testcase classname="backend.tests.test_iteration22.TestBundleVariants" name="test_admin_list_returns_shape" time="0.131" /><testcase classname="backend.tests.test_iteration22.TestBundleVariants" name="test_admin_create_rejects_invalid_bundle_id" time="0.096" /></testsuite></testsuites>