<?xml version="1.0" encoding="utf-8"?><testsuites name="pytest tests"><testsuite name="pytest" errors="0" failures="2" skipped="0" tests="13" time="2.882" timestamp="2026-07-01T20:29:49.138714+00:00" hostname="agent-env-b8b3da7a-9cce-4d13-a3f3-09a2e779799c"><testcase classname="backend.tests.test_iteration27" name="test_bulk_import_requires_auth" time="0.560" /><testcase classname="backend.tests.test_iteration27" name="test_list_imported_requires_auth" time="0.108" /><testcase classname="backend.tests.test_iteration27" name="test_bulk_import_auto_category_and_markup" time="0.099" /><testcase classname="backend.tests.test_iteration27" name="test_imported_product_visible_in_shop_hoodies" time="0.126" /><testcase classname="backend.tests.test_iteration27" name="test_imported_product_visible_in_shop_polos" time="0.115" /><testcase classname="backend.tests.test_iteration27" name="test_imported_product_fallback_in_tshirts" time="0.115"><failure message="AssertionError: BUG: imported product stored with category='t-shirts' does not appear under /api/shop/type/t-shirts because _garment_type_of ignores the stored category and matches 'vest' → hi-vis first.&#10;assert 'TEST_iter27 Running Vest' in ['Personalised T-Shirt', 'Heavy Cotton Workwear Tee', 'Kids T-Shirt', 'Dance &amp; Theatre Tee', 'Cool Sports Tee', 'Training Tee', ...]">backend/tests/test_iteration27.py:132: in test_imported_product_fallback_in_tshirts
    assert f"{TEST_PREFIX} Running Vest" in names, (
E   AssertionError: BUG: imported product stored with category='t-shirts' does not appear under /api/shop/type/t-shirts because _garment_type_of ignores the stored category and matches 'vest' → hi-vis first.
E   assert 'TEST_iter27 Running Vest' in ['Personalised T-Shirt', 'Heavy Cotton Workwear Tee', 'Kids T-Shirt', 'Dance &amp; Theatre Tee', 'Cool Sports Tee', 'Training Tee', ...]</failure></testcase><testcase classname="backend.tests.test_iteration27" name="test_imported_running_vest_shows_up_somewhere" time="0.095"><failure message="AssertionError: assert 'TEST_iter27 Running Vest' in ['Hi-Vis Vest', 'Athletics Vest', 'Basketball Vest']">backend/tests/test_iteration27.py:144: in test_imported_running_vest_shows_up_somewhere
    assert f"{TEST_PREFIX} Running Vest" in names
E   AssertionError: assert 'TEST_iter27 Running Vest' in ['Hi-Vis Vest', 'Athletics Vest', 'Basketball Vest']</failure></testcase><testcase classname="backend.tests.test_iteration27" name="test_facet_colour_coral_present_after_import" time="0.100" /><testcase classname="backend.tests.test_iteration27" name="test_get_product_detail_by_slug" time="0.106" /><testcase classname="backend.tests.test_iteration27" name="test_list_imported_returns_created" time="0.103" /><testcase classname="backend.tests.test_iteration27" name="test_patch_active_false_removes_from_shop" time="0.413" /><testcase classname="backend.tests.test_iteration27" name="test_delete_removes_from_both" time="0.507" /><testcase classname="backend.tests.test_iteration27" name="test_regression_shop_hoodies_still_works" time="0.325" /></testsuite></testsuites>