<?xml version="1.0" encoding="utf-8"?><testsuites name="pytest tests"><testsuite name="pytest" errors="0" failures="1" skipped="0" tests="26" time="6.605" timestamp="2026-07-02T09:02:28.766600+00:00" hostname="agent-env-b8b3da7a-9cce-4d13-a3f3-09a2e779799c"><testcase classname="backend.tests.test_iteration29.TestFullSquadAddonsMerge" name="test_gym_bag_persists_and_retains_sleeve" time="0.628" /><testcase classname="backend.tests.test_iteration29.TestFullSquadAddonsMerge" name="test_reset_defaults" time="0.045" /><testcase classname="backend.tests.test_iteration29.TestSportsOutfitAddonsMerge" name="test_two_sequential_saves_coexist" time="0.092" /><testcase classname="backend.tests.test_iteration29.TestSportsOutfitAddonsMerge" name="test_reset_defaults" time="0.044" /><testcase classname="backend.tests.test_iteration29.TestPageCopyDelete" name="test_patch_then_delete_reverts_to_empty" time="0.218" /><testcase classname="backend.tests.test_iteration29.TestProductOverridePristineRestore" name="test_override_and_revert_without_restart" time="0.171" /><testcase classname="backend.tests.test_iteration29.TestLeaversBespokeResend" name="test_post_succeeds_even_without_key" time="0.042"><failure message="AssertionError: leavers/bespoke failed: 422 {&quot;detail&quot;:[{&quot;type&quot;:&quot;missing&quot;,&quot;loc&quot;:[&quot;body&quot;,&quot;year_group&quot;],&quot;msg&quot;:&quot;Field required&quot;,&quot;input&quot;:{&quot;school&quot;:&quot;TEST_School_iter29&quot;,&quot;contact_name&quot;:&quot;T. Tester&quot;,&quot;contact_email&quot;:&quot;test-iter29@example.com&quot;,&quot;contact_phone&quot;:&quot;01234 567890&quot;,&quot;estimated_qty&quot;:20,&quot;leave_year&quot;:2026,&quot;colour&quot;:&quot;black&quot;,&quot;notes&quot;:&quot;iter29 automated t&#10;assert 422 == 200&#10; +  where 422 = &lt;Response [422]&gt;.status_code">backend/tests/test_iteration29.py:170: in test_post_succeeds_even_without_key
    assert r.status_code == 200, f"leavers/bespoke failed: {r.status_code} {r.text[:300]}"
E   AssertionError: leavers/bespoke failed: 422 {"detail":[{"type":"missing","loc":["body","year_group"],"msg":"Field required","input":{"school":"TEST_School_iter29","contact_name":"T. Tester","contact_email":"test-iter29@example.com","contact_phone":"01234 567890","estimated_qty":20,"leave_year":2026,"colour":"black","notes":"iter29 automated t
E   assert 422 == 200
E    +  where 422 = &lt;Response [422]&gt;.status_code</failure></testcase><testcase classname="backend.tests.test_iteration29.TestRemoveBg" name="test_missing_image_returns_400" time="0.042" /><testcase classname="backend.tests.test_iteration29.TestRemoveBg" name="test_invalid_base64_returns_400" time="0.041" /><testcase classname="backend.tests.test_iteration29.TestRemoveBg" name="test_valid_image_returns_503_when_not_configured" time="0.043" /><testcase classname="backend.tests.test_iteration29.TestAiEffect" name="test_invalid_effect_returns_400" time="0.042" /><testcase classname="backend.tests.test_iteration29.TestAiEffect" name="test_missing_image_returns_400" time="0.041" /><testcase classname="backend.tests.test_iteration29.TestAiEffect" name="test_valid_returns_503_when_not_configured" time="0.042" /><testcase classname="backend.tests.test_iteration29.TestAdminTestEmail" name="test_requires_admin_token" time="3.167" /><testcase classname="backend.tests.test_iteration29.TestAdminTestEmail" name="test_returns_ok_false_when_not_configured" time="0.046" /><testcase classname="backend.tests.test_iteration29.TestPageCopyPatchRevertAllSlugs" name="test_patch_then_delete_each_slug[home]" time="0.213" /><testcase classname="backend.tests.test_iteration29.TestPageCopyPatchRevertAllSlugs" name="test_patch_then_delete_each_slug[workwear]" time="0.210" /><testcase classname="backend.tests.test_iteration29.TestPageCopyPatchRevertAllSlugs" name="test_patch_then_delete_each_slug[specials]" time="0.176" /><testcase classname="backend.tests.test_iteration29.TestPageCopyPatchRevertAllSlugs" name="test_patch_then_delete_each_slug[contact]" time="0.169" /><testcase classname="backend.tests.test_iteration29.TestPageCopyPatchRevertAllSlugs" name="test_patch_then_delete_each_slug[leavers-hoodies]" time="0.247" /><testcase classname="backend.tests.test_iteration29.TestPageCopyPatchRevertAllSlugs" name="test_patch_then_delete_each_slug[fight-night]" time="0.211" /><testcase classname="backend.tests.test_iteration29.TestPageCopyPatchRevertAllSlugs" name="test_patch_then_delete_each_slug[kit-your-workforce]" time="0.167" /><testcase classname="backend.tests.test_iteration29.TestPageCopyPatchRevertAllSlugs" name="test_patch_then_delete_each_slug[design-your-own]" time="0.249" /><testcase classname="backend.tests.test_iteration29.TestRegressionPublicPages" name="test_full_squad_config" time="0.043" /><testcase classname="backend.tests.test_iteration29.TestRegressionPublicPages" name="test_sports_outfit_config" time="0.042" /><testcase classname="backend.tests.test_iteration29.TestRegressionPublicPages" name="test_teams_schools_products" time="0.060" /></testsuite></testsuites>