<?xml version="1.0" encoding="utf-8"?><testsuites name="pytest tests"><testsuite name="pytest" errors="0" failures="0" skipped="0" tests="23" time="2.874" timestamp="2026-06-25T17:15:14.286890+00:00" hostname="agent-env-b8b3da7a-9cce-4d13-a3f3-09a2e779799c"><testcase classname="backend.tests.test_iteration16.TestIndustries" name="test_industries_canonical_only" time="0.154" /><testcase classname="backend.tests.test_iteration16.TestIndustries" name="test_construction_trades_products" time="0.047" /><testcase classname="backend.tests.test_iteration16.TestIndustries" name="test_legacy_alias_trades" time="0.046" /><testcase classname="backend.tests.test_iteration16.TestSportsTeams" name="test_list" time="0.043" /><testcase classname="backend.tests.test_iteration16.TestSportsTeams" name="test_football_detail" time="0.048" /><testcase classname="backend.tests.test_iteration16.TestShopTypes" name="test_types_includes_aprons_bottoms" time="0.047" /><testcase classname="backend.tests.test_iteration16.TestShopTypes" name="test_aprons_products" time="0.043" /><testcase classname="backend.tests.test_iteration16.TestShopTypes" name="test_bottoms_products_sorted_asc" time="0.044" /><testcase classname="backend.tests.test_iteration16.TestNavigation" name="test_default_nav" time="0.045" /><testcase classname="backend.tests.test_iteration16.TestNavigation" name="test_admin_patch_and_reset" time="0.507" /><testcase classname="backend.tests.test_iteration16.TestPortfolio" name="test_create_portfolio_item" time="0.267" /><testcase classname="backend.tests.test_iteration16.TestPortfolio" name="test_list_public_portfolio" time="0.046" /><testcase classname="backend.tests.test_iteration16.TestPortfolio" name="test_file_serve" time="0.235" /><testcase classname="backend.tests.test_iteration16.TestPortfolio" name="test_category_validation" time="0.048" /><testcase classname="backend.tests.test_iteration16.TestPortfolio" name="test_patch_portfolio" time="0.099" /><testcase classname="backend.tests.test_iteration16.TestPortfolio" name="test_featured_filter" time="0.045" /><testcase classname="backend.tests.test_iteration16.TestPortfolio" name="test_soft_delete" time="0.095" /><testcase classname="backend.tests.test_iteration16.TestIntegrations" name="test_admin_list_keys" time="0.046" /><testcase classname="backend.tests.test_iteration16.TestIntegrations" name="test_whatsapp_persist" time="0.147" /><testcase classname="backend.tests.test_iteration16.TestIntegrations" name="test_whatsapp_empty_after_clear" time="0.057" /><testcase classname="backend.tests.test_iteration16.TestRegression" name="test_login" time="0.274" /><testcase classname="backend.tests.test_iteration16.TestRegression" name="test_products_public" time="0.235" /><testcase classname="backend.tests.test_iteration16.TestRegression" name="test_admin_protected_without_token" time="0.191" /></testsuite></testsuites>