<?xml version="1.0" encoding="utf-8"?><testsuites name="pytest tests"><testsuite name="pytest" errors="0" failures="0" skipped="0" tests="7" time="1.491" timestamp="2026-07-01T09:40:15.598647+00:00" hostname="agent-env-b8b3da7a-9cce-4d13-a3f3-09a2e779799c"><testcase classname="backend.tests.test_iteration18" name="test_workforce_products_have_description" time="0.153" /><testcase classname="backend.tests.test_iteration18" name="test_specials_products_have_description" time="0.096" /><testcase classname="backend.tests.test_iteration18" name="test_personalised_tee_is_specials_eligible" time="0.096" /><testcase classname="backend.tests.test_iteration18" name="test_non_specials_hoodie_exists" time="0.096" /><testcase classname="backend.tests.test_iteration18" name="test_admin_login" time="0.461" /><testcase classname="backend.tests.test_iteration18" name="test_admin_integrations_get" time="0.430" /><testcase classname="backend.tests.test_iteration18" name="test_navigation_endpoint" time="0.095" /></testsuite></testsuites>