<?xml version="1.0" encoding="utf-8"?><testsuites name="pytest tests"><testsuite name="pytest" errors="0" failures="0" skipped="0" tests="27" time="9.597" timestamp="2026-06-25T08:00:12.652680+00:00" hostname="agent-env-b8b3da7a-9cce-4d13-a3f3-09a2e779799c"><testcase classname="backend.tests.test_iteration12" name="test_bulk_tiers_fight_night" time="0.249" /><testcase classname="backend.tests.test_iteration12" name="test_bulk_tiers_leavers" time="0.044" /><testcase classname="backend.tests.test_iteration12" name="test_leavers_products_list" time="0.045" /><testcase classname="backend.tests.test_iteration12" name="test_fight_night_bulk_tiers[9-107.91]" time="1.001" /><testcase classname="backend.tests.test_iteration12" name="test_fight_night_bulk_tiers[10-109.9]" time="0.707" /><testcase classname="backend.tests.test_iteration12" name="test_fight_night_bulk_tiers[25-249.75]" time="0.732" /><testcase classname="backend.tests.test_iteration12" name="test_fight_night_bulk_tiers[50-499.5]" time="0.720" /><testcase classname="backend.tests.test_iteration12" name="test_leavers_bulk_tiers[19-474.81]" time="0.703" /><testcase classname="backend.tests.test_iteration12" name="test_leavers_bulk_tiers[20-399.8]" time="0.727" /><testcase classname="backend.tests.test_iteration12" name="test_leavers_bulk_tiers[30-539.7]" time="0.704" /><testcase classname="backend.tests.test_iteration12" name="test_leavers_bulk_tiers[60-1019.4]" time="0.709" /><testcase classname="backend.tests.test_iteration12" name="test_leavers_bulk_tiers[100-1599.0]" time="0.733" /><testcase classname="backend.tests.test_iteration12" name="test_leavers_with_drawstring_bag_addon" time="0.702" /><testcase classname="backend.tests.test_iteration12" name="test_drawstring_bag_product_not_bulk_priced" time="0.795" /><testcase classname="backend.tests.test_iteration12" name="test_group_order_create_non_leavers_rejected" time="0.047" /><testcase classname="backend.tests.test_iteration12" name="test_group_order_public_get" time="0.088" /><testcase classname="backend.tests.test_iteration12" name="test_group_order_unknown_token_404" time="0.047" /><testcase classname="backend.tests.test_iteration12" name="test_group_order_join_three_members" time="0.177" /><testcase classname="backend.tests.test_iteration12" name="test_group_order_manage_with_correct_token" time="0.048" /><testcase classname="backend.tests.test_iteration12" name="test_group_order_manage_wrong_token_404" time="0.044" /><testcase classname="backend.tests.test_iteration12" name="test_group_order_delete_member" time="0.134" /><testcase classname="backend.tests.test_iteration12" name="test_group_order_close_then_join_blocked" time="0.128" /><testcase classname="backend.tests.test_iteration12" name="test_new_sports_products_exist[basketball-vest-19.99]" time="0.045" /><testcase classname="backend.tests.test_iteration12" name="test_new_sports_products_exist[cricket-polo-21.99]" time="0.043" /><testcase classname="backend.tests.test_iteration12" name="test_new_sports_products_exist[hockey-shirt-22.99]" time="0.044" /><testcase classname="backend.tests.test_iteration12" name="test_new_sports_products_exist[athletics-vest-14.99]" time="0.042" /><testcase classname="backend.tests.test_iteration12" name="test_new_sports_products_exist[cycling-jersey-32.99]" time="0.044" /></testsuite></testsuites>