<?xml version="1.0" encoding="utf-8"?><testsuites name="pytest tests"><testsuite name="pytest" errors="0" failures="0" skipped="0" tests="13" time="5.470" timestamp="2026-07-01T10:46:28.707044+00:00" hostname="agent-env-b8b3da7a-9cce-4d13-a3f3-09a2e779799c"><testcase classname="backend.tests.test_iteration20" name="test_leavers_config" time="0.130" /><testcase classname="backend.tests.test_iteration20" name="test_leavers_products_allows_full_front" time="0.098" /><testcase classname="backend.tests.test_iteration20" name="test_leavers_checkout_breast_success" time="0.666" /><testcase classname="backend.tests.test_iteration20" name="test_leavers_checkout_full_front_upcharge" time="0.584" /><testcase classname="backend.tests.test_iteration20" name="test_leavers_checkout_full_front_varsity_rejected" time="0.126" /><testcase classname="backend.tests.test_iteration20" name="test_leavers_checkout_invalid_position" time="0.108" /><testcase classname="backend.tests.test_iteration20" name="test_leavers_checkout_invalid_names_mode" time="0.094" /><testcase classname="backend.tests.test_iteration20" name="test_leavers_checkout_no_design_fails" time="0.093" /><testcase classname="backend.tests.test_iteration20" name="test_leavers_checkout_back_only_design_ok" time="0.561" /><testcase classname="backend.tests.test_iteration20" name="test_leavers_checkout_names_file_persisted" time="0.666" /><testcase classname="backend.tests.test_iteration20" name="test_portfolio_categories_include_new_ones" time="0.092" /><testcase classname="backend.tests.test_iteration20" name="test_portfolio_admin_create_and_list_fight_night" time="0.800" /><testcase classname="backend.tests.test_iteration20" name="test_portfolio_admin_accepts_new_leavers_categories" time="1.323" /></testsuite></testsuites>