<?xml version="1.0" encoding="utf-8"?><testsuites name="pytest tests"><testsuite name="pytest" errors="0" failures="0" skipped="0" tests="30" time="8.418" timestamp="2026-07-02T10:54:17.198151+00:00" hostname="agent-env-b8b3da7a-9cce-4d13-a3f3-09a2e779799c"><testcase classname="backend.tests.test_iteration31.TestRefactorRegression" name="test_products_list" time="0.152" /><testcase classname="backend.tests.test_iteration31.TestRefactorRegression" name="test_full_squad_config" time="0.048" /><testcase classname="backend.tests.test_iteration31.TestRefactorRegression" name="test_sports_outfit_config" time="0.052" /><testcase classname="backend.tests.test_iteration31.TestRefactorRegression" name="test_page_copy_home" time="0.046" /><testcase classname="backend.tests.test_iteration31.TestRefactorRegression" name="test_admin_configurator_settings" time="0.317" /><testcase classname="backend.tests.test_iteration31.TestRefactorRegression" name="test_admin_page_copy_patch_delete" time="0.091" /><testcase classname="backend.tests.test_iteration31.TestRefactorRegression" name="test_admin_full_squad_addons_merge" time="0.047" /><testcase classname="backend.tests.test_iteration31.TestRefactorRegression" name="test_admin_sports_outfit_addons_merge" time="0.046" /><testcase classname="backend.tests.test_iteration31.TestRefactorRegression" name="test_site_whatsapp" time="0.044" /><testcase classname="backend.tests.test_iteration31.TestRefactorRegression" name="test_leavers_bespoke" time="0.046" /><testcase classname="backend.tests.test_iteration31.TestSharedPricing" name="test_single_vs_cart_price_identical" time="0.821" /><testcase classname="backend.tests.test_iteration31.TestSharedPricing" name="test_bulk_tier_kicks_in" time="0.089" /><testcase classname="backend.tests.test_iteration31.TestCustomerRegister" name="test_register_success" time="0.273" /><testcase classname="backend.tests.test_iteration31.TestCustomerRegister" name="test_duplicate_register_409" time="0.044" /><testcase classname="backend.tests.test_iteration31.TestCustomerRegister" name="test_weak_password_rejected" time="0.042" /><testcase classname="backend.tests.test_iteration31.TestCustomerRegister" name="test_missing_email" time="0.042" /><testcase classname="backend.tests.test_iteration31.TestCustomerLogin" name="test_login_ok" time="0.272" /><testcase classname="backend.tests.test_iteration31.TestCustomerLogin" name="test_me_returns_customer" time="0.044" /><testcase classname="backend.tests.test_iteration31.TestCustomerLogin" name="test_lockout_after_5_fails" time="1.659" /><testcase classname="backend.tests.test_iteration31.TestPasswordReset" name="test_forgot_password_always_200" time="0.090" /><testcase classname="backend.tests.test_iteration31.TestPasswordReset" name="test_reset_password_full_flow" time="0.889" /><testcase classname="backend.tests.test_iteration31.TestCustomerCart" name="test_put_and_get_cart" time="0.221" /><testcase classname="backend.tests.test_iteration31.TestCustomerCart" name="test_merge_sums_sizes" time="0.102" /><testcase classname="backend.tests.test_iteration31.TestAddresses" name="test_address_crud_and_default_swap" time="0.339" /><testcase classname="backend.tests.test_iteration31.TestDesigns" name="test_design_crud" time="0.177" /><testcase classname="backend.tests.test_iteration31.TestOrders" name="test_orders_empty_initially" time="0.095" /><testcase classname="backend.tests.test_iteration31.TestOrders" name="test_orders_populated_after_checkout" time="1.407" /><testcase classname="backend.tests.test_iteration31.TestSecurityIsolation" name="test_admin_token_rejected_by_customer_me" time="0.158" /><testcase classname="backend.tests.test_iteration31.TestSecurityIsolation" name="test_customer_token_rejected_by_admin_products" time="0.098" /><testcase classname="backend.tests.test_iteration31.TestSecurityIsolation" name="test_customer_cannot_read_others_cart" time="0.517" /></testsuite></testsuites>