<?xml version="1.0" encoding="utf-8"?><testsuites name="pytest tests"><testsuite name="pytest" errors="0" failures="0" skipped="0" tests="9" time="3.622" timestamp="2026-06-24T15:11:46.074653+00:00" hostname="agent-env-b8b3da7a-9cce-4d13-a3f3-09a2e779799c"><testcase classname="backend.tests.test_iteration11" name="test_designer_products_new_fields" time="0.280" /><testcase classname="backend.tests.test_iteration11" name="test_designer_products_personalised_tee_defaults" time="0.107" /><testcase classname="backend.tests.test_iteration11" name="test_designer_use_cases_endpoint" time="0.106" /><testcase classname="backend.tests.test_iteration11" name="test_checkout_designer_neck_only" time="1.077" /><testcase classname="backend.tests.test_iteration11" name="test_checkout_designer_back_plus_neck" time="0.832" /><testcase classname="backend.tests.test_iteration11" name="test_admin_patch_composition_and_use_cases" time="0.412" /><testcase classname="backend.tests.test_iteration11" name="test_admin_patch_unknown_use_case_rejected" time="0.256" /><testcase classname="backend.tests.test_iteration11" name="test_designer_artwork_with_neck_labels" time="0.216" /><testcase classname="backend.tests.test_iteration11" name="test_designer_artwork_neck_label_too_large" time="0.252" /></testsuite></testsuites>