<?xml version="1.0" encoding="utf-8"?><testsuites name="pytest tests"><testsuite name="pytest" errors="0" failures="0" skipped="0" tests="12" time="1.269" timestamp="2026-07-01T11:17:16.716201+00:00" hostname="agent-env-b8b3da7a-9cce-4d13-a3f3-09a2e779799c"><testcase classname="backend.tests.test_iteration21" name="test_front_only_bundle_has_restricted_placements[football-kit-front-only]" time="0.130" /><testcase classname="backend.tests.test_iteration21" name="test_front_only_bundle_has_restricted_placements[football-premium-front-only]" time="0.099" /><testcase classname="backend.tests.test_iteration21" name="test_front_only_bundle_has_restricted_placements[rugby-kit-front-only]" time="0.095" /><testcase classname="backend.tests.test_iteration21" name="test_front_only_bundle_has_restricted_placements[training-pack-front-only]" time="0.099" /><testcase classname="backend.tests.test_iteration21" name="test_regular_bundle_has_null_placements[football-kit-bundle]" time="0.098" /><testcase classname="backend.tests.test_iteration21" name="test_regular_bundle_has_null_placements[rugby-kit-bundle]" time="0.094" /><testcase classname="backend.tests.test_iteration21" name="test_front_only_allowed_placements_endpoint[football-kit-front-only]" time="0.090" /><testcase classname="backend.tests.test_iteration21" name="test_front_only_allowed_placements_endpoint[football-premium-front-only]" time="0.095" /><testcase classname="backend.tests.test_iteration21" name="test_front_only_allowed_placements_endpoint[rugby-kit-front-only]" time="0.098" /><testcase classname="backend.tests.test_iteration21" name="test_front_only_allowed_placements_endpoint[training-pack-front-only]" time="0.103" /><testcase classname="backend.tests.test_iteration21" name="test_team_kit_quote_submission[football-kit-front-only]" time="0.106" /><testcase classname="backend.tests.test_iteration21" name="test_team_kit_quote_submission[football-kit-bundle]" time="0.093" /></testsuite></testsuites>