<?xml version="1.0" encoding="utf-8"?><testsuites name="pytest tests"><testsuite name="pytest" errors="0" failures="0" skipped="0" tests="18" time="6.916" timestamp="2026-07-01T13:02:26.789890+00:00" hostname="agent-env-b8b3da7a-9cce-4d13-a3f3-09a2e779799c"><testcase classname="backend.tests.test_iteration24.TestFullSquadConfig" name="test_config_returns_three_sections" time="0.139" /><testcase classname="backend.tests.test_iteration24.TestFullSquadConfig" name="test_each_section_has_required_fields" time="0.107" /><testcase classname="backend.tests.test_iteration24.TestFullSquadConfig" name="test_default_variant_when_no_admin_variants" time="0.107" /><testcase classname="backend.tests.test_iteration24.TestSportsOutfitConfig" name="test_config_returns_two_sections_and_addons" time="0.106" /><testcase classname="backend.tests.test_iteration24.TestSockSizes" name="test_get_default_sock_sizes" time="0.099" /><testcase classname="backend.tests.test_iteration24.TestSockSizes" name="test_patch_sock_sizes_and_restore" time="0.742" /><testcase classname="backend.tests.test_iteration24.TestSockSizes" name="test_bad_payload_empty_list" time="0.099" /><testcase classname="backend.tests.test_iteration24.TestSockSizes" name="test_bad_payload_not_list" time="0.099" /><testcase classname="backend.tests.test_iteration24.TestSportsOutfitAddonsPatch" name="test_patch_and_restore" time="0.298" /><testcase classname="backend.tests.test_iteration24.TestTeamKitBrandsFull" name="test_full_crud_with_new_fields" time="1.475" /><testcase classname="backend.tests.test_iteration24.TestNoBackPrintRule" name="test_shorts_and_bottoms_strip_back_print[football-shorts-M]" time="0.727" /><testcase classname="backend.tests.test_iteration24.TestNoBackPrintRule" name="test_shorts_and_bottoms_strip_back_print[gym-shorts-M]" time="0.507" /><testcase classname="backend.tests.test_iteration24.TestNoBackPrintRule" name="test_shorts_and_bottoms_strip_back_print[performance-leggings-M]" time="0.537" /><testcase classname="backend.tests.test_iteration24.TestNoBackPrintRule" name="test_shorts_and_bottoms_strip_back_print[joggers-M]" time="0.556" /><testcase classname="backend.tests.test_iteration24.TestNoBackPrintRule" name="test_shorts_and_bottoms_strip_back_print[workwear-trousers-32]" time="0.460" /><testcase classname="backend.tests.test_iteration24.TestNoBackPrintRule" name="test_sports_tee_accepts_back_print" time="0.556" /><testcase classname="backend.tests.test_iteration24.TestQuoteRequest" name="test_full_squad_quote" time="0.111" /><testcase classname="backend.tests.test_iteration24.TestQuoteRequest" name="test_sports_outfit_quote" time="0.096" /></testsuite></testsuites>