<?xml version="1.0" encoding="utf-8"?><testsuites name="pytest tests"><testsuite name="pytest" errors="0" failures="0" skipped="0" tests="19" time="2.361" timestamp="2026-07-02T09:50:03.435063+00:00" hostname="agent-env-b8b3da7a-9cce-4d13-a3f3-09a2e779799c"><testcase classname="backend.tests.test_iteration30.TestRefactorRegression" name="test_products_list" time="0.245" /><testcase classname="backend.tests.test_iteration30.TestRefactorRegression" name="test_full_squad_config" time="0.053" /><testcase classname="backend.tests.test_iteration30.TestRefactorRegression" name="test_sports_outfit_config" time="0.047" /><testcase classname="backend.tests.test_iteration30.TestRefactorRegression" name="test_page_copy_home_default" time="0.046" /><testcase classname="backend.tests.test_iteration30.TestRefactorRegression" name="test_admin_login" time="0.270" /><testcase classname="backend.tests.test_iteration30.TestRefactorRegression" name="test_site_whatsapp" time="0.047" /><testcase classname="backend.tests.test_iteration30.TestRefactorRegression" name="test_leavers_bespoke" time="0.048" /><testcase classname="backend.tests.test_iteration30.TestRefactorRegression" name="test_designer_remove_bg_not_configured" time="0.050" /><testcase classname="backend.tests.test_iteration30.TestRefactorRegression" name="test_designer_ai_effect_not_configured" time="0.045" /><testcase classname="backend.tests.test_iteration30.TestRefactorRegression" name="test_admin_full_squad_addons_patch_and_reject" time="0.283" /><testcase classname="backend.tests.test_iteration30.TestRefactorRegression" name="test_admin_page_copy_patch_and_delete" time="0.210" /><testcase classname="backend.tests.test_iteration30.TestCartPricing" name="test_price_cart_basic" time="0.047" /><testcase classname="backend.tests.test_iteration30.TestCartPricing" name="test_price_cart_empty_returns_empty_shape" time="0.045" /><testcase classname="backend.tests.test_iteration30.TestCartPricing" name="test_price_cart_ignores_client_totals" time="0.045" /><testcase classname="backend.tests.test_iteration30.TestCartPricing" name="test_price_cart_bulk_tier_discount" time="0.091" /><testcase classname="backend.tests.test_iteration30.TestCartPricing" name="test_price_cart_invalid_product" time="0.044" /><testcase classname="backend.tests.test_iteration30.TestCartCheckout" name="test_checkout_cart_session_ok" time="0.567" /><testcase classname="backend.tests.test_iteration30.TestCartCheckout" name="test_checkout_cart_session_empty_400" time="0.044" /><testcase classname="backend.tests.test_iteration30.TestCartCheckout" name="test_checkout_cart_session_over_limit_400" time="0.043" /></testsuite></testsuites>