<?xml version="1.0" encoding="utf-8"?><testsuites name="pytest tests"><testsuite name="pytest" errors="0" failures="0" skipped="0" tests="21" time="6.748" timestamp="2026-06-25T10:52:36.038206+00:00" hostname="agent-env-b8b3da7a-9cce-4d13-a3f3-09a2e779799c"><testcase classname="backend.tests.test_iteration13" name="test_bulk_defaults_get_initial" time="0.221" /><testcase classname="backend.tests.test_iteration13" name="test_bulk_defaults_patch_and_persist" time="0.107" /><testcase classname="backend.tests.test_iteration13" name="test_bulk_defaults_patch_invalid[bad_payload0]" time="0.046" /><testcase classname="backend.tests.test_iteration13" name="test_bulk_defaults_patch_invalid[bad_payload1]" time="0.042" /><testcase classname="backend.tests.test_iteration13" name="test_bulk_defaults_patch_invalid[bad_payload2]" time="0.045" /><testcase classname="backend.tests.test_iteration13" name="test_bulk_defaults_patch_invalid[bad_payload3]" time="0.044" /><testcase classname="backend.tests.test_iteration13" name="test_bulk_defaults_patch_invalid[bad_payload4]" time="0.041" /><testcase classname="backend.tests.test_iteration13" name="test_bulk_defaults_restore" time="0.126" /><testcase classname="backend.tests.test_iteration13" name="test_product_meta_patch_and_get_persisted" time="0.091" /><testcase classname="backend.tests.test_iteration13" name="test_product_meta_patch_unknown_product_404" time="0.052" /><testcase classname="backend.tests.test_iteration13" name="test_bulk_tiers_product_percent_mode" time="0.045" /><testcase classname="backend.tests.test_iteration13" name="test_bulk_tiers_product_absolute_mode" time="0.043" /><testcase classname="backend.tests.test_iteration13" name="test_bulk_tiers_product_none_when_disabled" time="0.211" /><testcase classname="backend.tests.test_iteration13" name="test_workwear_generic_bulk_checkout[9-67.41]" time="1.075" /><testcase classname="backend.tests.test_iteration13" name="test_workwear_generic_bulk_checkout[10-69.9]" time="0.744" /><testcase classname="backend.tests.test_iteration13" name="test_workwear_generic_bulk_checkout[25-149.75]" time="0.688" /><testcase classname="backend.tests.test_iteration13" name="test_workwear_generic_bulk_checkout[100-499.0]" time="0.724" /><testcase classname="backend.tests.test_iteration13" name="test_workwear_generic_bulk_checkout[200-998.0]" time="0.687" /><testcase classname="backend.tests.test_iteration13" name="test_regression_fight_night_checkout" time="0.752" /><testcase classname="backend.tests.test_iteration13" name="test_regression_leavers_checkout" time="0.721" /><testcase classname="backend.tests.test_iteration13" name="test_admin_products_lists_all_with_meta" time="0.042" /></testsuite></testsuites>