<?xml version="1.0" encoding="utf-8"?><testsuites name="pytest tests"><testsuite name="pytest" errors="0" failures="0" skipped="0" tests="8" time="3.075" timestamp="2026-06-23T17:35:26.842463+00:00" hostname="agent-env-b8b3da7a-9cce-4d13-a3f3-09a2e779799c"><testcase classname="backend.tests.test_iteration8" name="test_designer_products_returns_eight" time="0.238" /><testcase classname="backend.tests.test_iteration8" name="test_admin_designer_products_lists_all" time="0.152" /><testcase classname="backend.tests.test_iteration8" name="test_patch_designer_persists_and_validates" time="0.703" /><testcase classname="backend.tests.test_iteration8" name="test_designer_artwork_create_and_get" time="0.250" /><testcase classname="backend.tests.test_iteration8" name="test_designer_artwork_validation" time="0.579" /><testcase classname="backend.tests.test_iteration8" name="test_regression_products" time="0.109" /><testcase classname="backend.tests.test_iteration8" name="test_regression_team_kit_and_fight_night_addons" time="0.214" /><testcase classname="backend.tests.test_iteration8" name="test_regression_designer_checkout_with_artwork_id" time="0.768" /></testsuite></testsuites>