<?xml version="1.0" encoding="utf-8"?><testsuites name="pytest tests"><testsuite name="pytest" errors="0" failures="0" skipped="0" tests="33" time="6.020" timestamp="2026-06-23T15:01:43.577357+00:00" hostname="agent-env-b8b3da7a-9cce-4d13-a3f3-09a2e779799c"><testcase classname="backend.tests.test_iteration4.TestSportsProducts" name="test_sports_category_lists_eight_products" time="0.230" /><testcase classname="backend.tests.test_iteration4.TestSportsProducts" name="test_football_jersey_detail" time="0.051" /><testcase classname="backend.tests.test_iteration4.TestSportsProducts" name="test_boxing_fight_tee_detail" time="0.050" /><testcase classname="backend.tests.test_iteration4.TestQuoteRequest" name="test_quote_team_kit_minimal" time="0.061" /><testcase classname="backend.tests.test_iteration4.TestQuoteRequest" name="test_quote_fight_night" time="0.048" /><testcase classname="backend.tests.test_iteration4.TestQuoteRequest" name="test_quote_invalid_email" time="0.046" /><testcase classname="backend.tests.test_iteration4.TestQuoteRequest" name="test_quote_artwork_truncated_to_12" time="0.055" /><testcase classname="backend.tests.test_iteration4.TestQuoteRequest" name="test_quote_oversize_artwork_dropped" time="0.166" /><testcase classname="backend.tests.test_iteration4.TestCheckoutSportsRegression" name="test_checkout_football_jersey_multisize" time="0.689" /><testcase classname="backend.tests.test_iteration4.TestCheckoutSportsRegression" name="test_checkout_blank_muay_thai" time="0.745" /><testcase classname="backend.tests.backend_test.TestRootAndProducts" name="test_root" time="0.132" /><testcase classname="backend.tests.backend_test.TestRootAndProducts" name="test_products_all" time="0.050" /><testcase classname="backend.tests.backend_test.TestRootAndProducts" name="test_products_workwear" time="0.050" /><testcase classname="backend.tests.backend_test.TestRootAndProducts" name="test_products_teams_schools" time="0.044" /><testcase classname="backend.tests.backend_test.TestRootAndProducts" name="test_single_product_ok" time="0.048" /><testcase classname="backend.tests.backend_test.TestRootAndProducts" name="test_single_product_404" time="0.049" /><testcase classname="backend.tests.backend_test.TestContact" name="test_contact_submit" time="0.046" /><testcase classname="backend.tests.backend_test.TestContact" name="test_contact_minimal" time="0.051" /><testcase classname="backend.tests.backend_test.TestContact" name="test_contact_invalid_email" time="0.047" /><testcase classname="backend.tests.backend_test.TestTheme" name="test_theme_select" time="0.055" /><testcase classname="backend.tests.backend_test.TestCheckout" name="test_checkout_invalid_product" time="0.045" /><testcase classname="backend.tests.backend_test.TestCheckout" name="test_checkout_invalid_quantity" time="0.045" /><testcase classname="backend.tests.backend_test.TestCheckout" name="test_checkout_valid" time="0.741" /><testcase classname="backend.tests.test_iteration3.TestPlacements" name="test_placements_list" time="0.132" /><testcase classname="backend.tests.test_iteration3.TestProductVariants" name="test_polo_variants" time="0.047" /><testcase classname="backend.tests.test_iteration3.TestProductVariants" name="test_kids_tee_variants" time="0.043" /><testcase classname="backend.tests.test_iteration3.TestProductVariants" name="test_hivis_vest_variants" time="0.045" /><testcase classname="backend.tests.test_iteration3.TestCheckoutNewPath" name="test_polo_multi_size_with_placements" time="0.716" /><testcase classname="backend.tests.test_iteration3.TestCheckoutNewPath" name="test_exclusivity_rejected" time="0.043" /><testcase classname="backend.tests.test_iteration3.TestCheckoutNewPath" name="test_blank_ignores_placements" time="0.751" /><testcase classname="backend.tests.test_iteration3.TestCheckoutNewPath" name="test_legacy_path_kids_tee" time="0.484" /><testcase classname="backend.tests.test_iteration3.TestCheckoutNewPath" name="test_unknown_size_rejected" time="0.043" /><testcase classname="backend.tests.test_iteration3.TestCheckoutNewPath" name="test_zero_qty_rejected" time="0.046" /></testsuite></testsuites>