<?xml version="1.0" encoding="utf-8"?><testsuites name="pytest tests"><testsuite name="pytest" errors="0" failures="0" skipped="0" tests="10" time="2.789" timestamp="2026-06-23T14:02:23.826181+00:00" hostname="agent-env-b8b3da7a-9cce-4d13-a3f3-09a2e779799c"><testcase classname="backend.tests.test_iteration3.TestPlacements" name="test_placements_list" time="0.228" /><testcase classname="backend.tests.test_iteration3.TestProductVariants" name="test_polo_variants" time="0.052" /><testcase classname="backend.tests.test_iteration3.TestProductVariants" name="test_kids_tee_variants" time="0.051" /><testcase classname="backend.tests.test_iteration3.TestProductVariants" name="test_hivis_vest_variants" time="0.049" /><testcase classname="backend.tests.test_iteration3.TestCheckoutNewPath" name="test_polo_multi_size_with_placements" time="0.974" /><testcase classname="backend.tests.test_iteration3.TestCheckoutNewPath" name="test_exclusivity_rejected" time="0.046" /><testcase classname="backend.tests.test_iteration3.TestCheckoutNewPath" name="test_blank_ignores_placements" time="0.782" /><testcase classname="backend.tests.test_iteration3.TestCheckoutNewPath" name="test_legacy_path_kids_tee" time="0.424" /><testcase classname="backend.tests.test_iteration3.TestCheckoutNewPath" name="test_unknown_size_rejected" time="0.046" /><testcase classname="backend.tests.test_iteration3.TestCheckoutNewPath" name="test_zero_qty_rejected" time="0.047" /></testsuite></testsuites>