<?xml version="1.0" encoding="utf-8"?><testsuites name="pytest tests"><testsuite name="pytest" errors="0" failures="0" skipped="0" tests="24" time="2.631" timestamp="2026-06-23T10:16:19.539598+00:00" hostname="agent-env-b8b3da7a-9cce-4d13-a3f3-09a2e779799c"><testcase classname="backend.tests.backend_test.TestRootAndProducts" name="test_root" time="0.200" /><testcase classname="backend.tests.backend_test.TestRootAndProducts" name="test_products_all" time="0.050" /><testcase classname="backend.tests.backend_test.TestRootAndProducts" name="test_products_workwear" time="0.049" /><testcase classname="backend.tests.backend_test.TestRootAndProducts" name="test_products_teams_schools" time="0.049" /><testcase classname="backend.tests.backend_test.TestRootAndProducts" name="test_single_product_ok" time="0.053" /><testcase classname="backend.tests.backend_test.TestRootAndProducts" name="test_single_product_404" time="0.054" /><testcase classname="backend.tests.backend_test.TestContact" name="test_contact_submit" time="0.064" /><testcase classname="backend.tests.backend_test.TestContact" name="test_contact_minimal" time="0.047" /><testcase classname="backend.tests.backend_test.TestContact" name="test_contact_invalid_email" time="0.050" /><testcase classname="backend.tests.backend_test.TestTheme" name="test_theme_select" time="0.055" /><testcase classname="backend.tests.backend_test.TestCheckout" name="test_checkout_invalid_product" time="0.052" /><testcase classname="backend.tests.backend_test.TestCheckout" name="test_checkout_invalid_quantity" time="0.049" /><testcase classname="backend.tests.backend_test.TestCheckout" name="test_checkout_valid" time="1.033" /><testcase classname="backend.tests.test_reviews.TestCreateReview" name="test_invalid_product" time="0.092" /><testcase classname="backend.tests.test_reviews.TestCreateReview" name="test_invalid_rating_low" time="0.043" /><testcase classname="backend.tests.test_reviews.TestCreateReview" name="test_invalid_rating_high" time="0.042" /><testcase classname="backend.tests.test_reviews.TestCreateReview" name="test_create_and_filter_photos" time="0.047" /><testcase classname="backend.tests.test_reviews.TestProductReviewsAggregate" name="test_product_reviews_listing" time="0.175" /><testcase classname="backend.tests.test_reviews.TestProductReviewsAggregate" name="test_product_reviews_unknown_404" time="0.041" /><testcase classname="backend.tests.test_reviews.TestProductReviewsAggregate" name="test_aggregate_map" time="0.082" /><testcase classname="backend.tests.test_reviews.TestProductReviewsAggregate" name="test_recent_reviews" time="0.043" /><testcase classname="backend.tests.test_reviews.TestJudgeMeImport" name="test_import_mixed" time="0.044" /><testcase classname="backend.tests.test_reviews.TestJudgeMeImport" name="test_import_skipped_when_no_default_no_map" time="0.041" /><testcase classname="backend.tests.test_reviews.TestJudgeMeImport" name="test_import_marks_verified_and_judgeme" time="0.088" /></testsuite></testsuites>