<?xml version="1.0" encoding="utf-8"?><testsuites name="pytest tests"><testsuite name="pytest" errors="0" failures="0" skipped="0" tests="9" time="3.599" timestamp="2026-06-23T17:13:20.435000+00:00" hostname="agent-env-b8b3da7a-9cce-4d13-a3f3-09a2e779799c"><testcase classname="backend.tests.test_iteration7" name="test_team_kit_addons_endpoint" time="0.217" /><testcase classname="backend.tests.test_iteration7" name="test_team_kits_category_has_nine_products" time="0.108" /><testcase classname="backend.tests.test_iteration7" name="test_front_only_variant_pricing_and_sizes[football-kit-front-only-18.99]" time="0.130" /><testcase classname="backend.tests.test_iteration7" name="test_front_only_variant_pricing_and_sizes[football-premium-front-only-22.99]" time="0.133" /><testcase classname="backend.tests.test_iteration7" name="test_front_only_variant_pricing_and_sizes[rugby-kit-front-only-25.99]" time="0.102" /><testcase classname="backend.tests.test_iteration7" name="test_front_only_variant_pricing_and_sizes[training-pack-front-only-12.99]" time="0.106" /><testcase classname="backend.tests.test_iteration7" name="test_checkout_football_kit_bundle_with_all_addons" time="1.014" /><testcase classname="backend.tests.test_iteration7" name="test_checkout_front_only_with_one_addon" time="0.872" /><testcase classname="backend.tests.test_iteration7" name="test_checkout_boxing_fight_tee_regression" time="0.843" /></testsuite></testsuites>