<?xml version="1.0" encoding="utf-8"?><testsuites name="pytest tests"><testsuite name="pytest" errors="0" failures="0" skipped="0" tests="50" time="8.413" timestamp="2026-06-23T16:15:12.337777+00:00" hostname="agent-env-b8b3da7a-9cce-4d13-a3f3-09a2e779799c"><testcase classname="backend.tests.backend_test.TestRootAndProducts" name="test_root" time="0.154" /><testcase classname="backend.tests.backend_test.TestRootAndProducts" name="test_products_all" time="0.053" /><testcase classname="backend.tests.backend_test.TestRootAndProducts" name="test_products_workwear" time="0.055" /><testcase classname="backend.tests.backend_test.TestRootAndProducts" name="test_products_teams_schools" time="0.053" /><testcase classname="backend.tests.backend_test.TestRootAndProducts" name="test_single_product_ok" time="0.051" /><testcase classname="backend.tests.backend_test.TestRootAndProducts" name="test_single_product_404" time="0.052" /><testcase classname="backend.tests.backend_test.TestContact" name="test_contact_submit" time="0.057" /><testcase classname="backend.tests.backend_test.TestContact" name="test_contact_minimal" time="0.053" /><testcase classname="backend.tests.backend_test.TestContact" name="test_contact_invalid_email" time="0.105" /><testcase classname="backend.tests.backend_test.TestTheme" name="test_theme_select" time="0.055" /><testcase classname="backend.tests.backend_test.TestCheckout" name="test_checkout_invalid_product" time="0.052" /><testcase classname="backend.tests.backend_test.TestCheckout" name="test_checkout_invalid_quantity" time="0.047" /><testcase classname="backend.tests.backend_test.TestCheckout" name="test_checkout_valid" time="0.911" /><testcase classname="backend.tests.test_iteration3.TestPlacements" name="test_placements_list" time="0.103" /><testcase classname="backend.tests.test_iteration3.TestProductVariants" name="test_polo_variants" time="0.050" /><testcase classname="backend.tests.test_iteration3.TestProductVariants" name="test_kids_tee_variants" time="0.047" /><testcase classname="backend.tests.test_iteration3.TestProductVariants" name="test_hivis_vest_variants" time="0.045" /><testcase classname="backend.tests.test_iteration3.TestCheckoutNewPath" name="test_polo_multi_size_with_placements" time="0.714" /><testcase classname="backend.tests.test_iteration3.TestCheckoutNewPath" name="test_exclusivity_rejected" time="0.048" /><testcase classname="backend.tests.test_iteration3.TestCheckoutNewPath" name="test_blank_ignores_placements" time="0.731" /><testcase classname="backend.tests.test_iteration3.TestCheckoutNewPath" name="test_legacy_path_kids_tee" time="0.379" /><testcase classname="backend.tests.test_iteration3.TestCheckoutNewPath" name="test_unknown_size_rejected" time="0.050" /><testcase classname="backend.tests.test_iteration3.TestCheckoutNewPath" name="test_zero_qty_rejected" time="0.047" /><testcase classname="backend.tests.test_iteration4.TestSportsProducts" name="test_sports_category_lists_eight_products" time="0.146" /><testcase classname="backend.tests.test_iteration4.TestSportsProducts" name="test_football_jersey_detail" time="0.051" /><testcase classname="backend.tests.test_iteration4.TestSportsProducts" name="test_boxing_fight_tee_detail" time="0.051" /><testcase classname="backend.tests.test_iteration4.TestQuoteRequest" name="test_quote_team_kit_minimal" time="0.048" /><testcase classname="backend.tests.test_iteration4.TestQuoteRequest" name="test_quote_fight_night" time="0.049" /><testcase classname="backend.tests.test_iteration4.TestQuoteRequest" name="test_quote_invalid_email" time="0.057" /><testcase classname="backend.tests.test_iteration4.TestQuoteRequest" name="test_quote_artwork_truncated_to_12" time="0.059" /><testcase classname="backend.tests.test_iteration4.TestQuoteRequest" name="test_quote_oversize_artwork_dropped" time="0.180" /><testcase classname="backend.tests.test_iteration4.TestCheckoutSportsRegression" name="test_checkout_football_jersey_multisize" time="0.391" /><testcase classname="backend.tests.test_iteration4.TestCheckoutSportsRegression" name="test_checkout_blank_muay_thai" time="0.977" /><testcase classname="backend.tests.test_iteration5.TestTeamKitBundles" name="test_category_returns_five_bundles" time="0.121" /><testcase classname="backend.tests.test_iteration5.TestTeamKitBundles" name="test_each_bundle_has_colors_sizes_upcharges" time="0.045" /><testcase classname="backend.tests.test_iteration5.TestTeamKitCheckout" name="test_football_kit_bundle_checkout_total" time="0.746" /><testcase classname="backend.tests.test_iteration5.TestTeamKitCheckout" name="test_premium_bundle_checkout_smoke" time="0.495" /><testcase classname="backend.tests.test_iteration5.TestQuoteRequestFromConfigurator" name="test_team_kit_quote_with_artwork_and_roster" time="0.046" /><testcase classname="backend.tests.test_iteration5.TestQuoteRequestFromConfigurator" name="test_team_kit_quote_multi_team_flat_roster" time="0.042" /><testcase classname="backend.tests.test_reviews.TestCreateReview" name="test_invalid_product" time="0.148" /><testcase classname="backend.tests.test_reviews.TestCreateReview" name="test_invalid_rating_low" time="0.051" /><testcase classname="backend.tests.test_reviews.TestCreateReview" name="test_invalid_rating_high" time="0.062" /><testcase classname="backend.tests.test_reviews.TestCreateReview" name="test_create_and_filter_photos" time="0.056" /><testcase classname="backend.tests.test_reviews.TestProductReviewsAggregate" name="test_product_reviews_listing" time="0.171" /><testcase classname="backend.tests.test_reviews.TestProductReviewsAggregate" name="test_product_reviews_unknown_404" time="0.054" /><testcase classname="backend.tests.test_reviews.TestProductReviewsAggregate" name="test_aggregate_map" time="0.067" /><testcase classname="backend.tests.test_reviews.TestProductReviewsAggregate" name="test_recent_reviews" time="0.054" /><testcase classname="backend.tests.test_reviews.TestJudgeMeImport" name="test_import_mixed" time="0.054" /><testcase classname="backend.tests.test_reviews.TestJudgeMeImport" name="test_import_skipped_when_no_default_no_map" time="0.055" /><testcase classname="backend.tests.test_reviews.TestJudgeMeImport" name="test_import_marks_verified_and_judgeme" time="0.107" /></testsuite></testsuites>