<?xml version="1.0" encoding="utf-8"?><testsuites name="pytest tests"><testsuite name="pytest" errors="0" failures="0" skipped="0" tests="8" time="2.556" timestamp="2026-06-23T16:44:57.175667+00:00" hostname="agent-env-b8b3da7a-9cce-4d13-a3f3-09a2e779799c"><testcase classname="backend.tests.test_iteration6" name="test_fight_night_addons_list" time="0.238" /><testcase classname="backend.tests.test_iteration6" name="test_products_list_contains_required" time="0.054" /><testcase classname="backend.tests.test_iteration6" name="test_quote_request_team_kit" time="0.053" /><testcase classname="backend.tests.test_iteration6" name="test_brand_crud_flow" time="0.323" /><testcase classname="backend.tests.test_iteration6" name="test_brand_invalid_product" time="0.045" /><testcase classname="backend.tests.test_iteration6" name="test_brand_update_missing_404" time="0.045" /><testcase classname="backend.tests.test_iteration6" name="test_fight_night_checkout_addons_math" time="1.259" /><testcase classname="backend.tests.test_iteration6" name="test_fight_night_checkout_blank" time="0.456" /></testsuite></testsuites>