<?xml version="1.0" encoding="utf-8"?><testsuites name="pytest tests"><testsuite name="pytest" errors="0" failures="0" skipped="0" tests="10" time="6.812" timestamp="2026-06-23T18:11:56.252044+00:00" hostname="agent-env-b8b3da7a-9cce-4d13-a3f3-09a2e779799c"><testcase classname="backend.tests.test_iteration9" name="test_designer_products_back_print_price" time="0.258" /><testcase classname="backend.tests.test_iteration9" name="test_checkout_designer_tee_back_print" time="1.197" /><testcase classname="backend.tests.test_iteration9" name="test_checkout_designer_hoodie_back_print" time="0.822" /><testcase classname="backend.tests.test_iteration9" name="test_checkout_boxing_fight_regression" time="0.965" /><testcase classname="backend.tests.test_iteration9" name="test_checkout_team_kit_regression" time="0.778" /><testcase classname="backend.tests.test_iteration9" name="test_checkout_plain_tee_regression" time="1.028" /><testcase classname="backend.tests.test_iteration9" name="test_checkout_plain_tee_fullfront" time="0.873" /><testcase classname="backend.tests.test_iteration9" name="test_designer_artwork_with_back" time="0.224" /><testcase classname="backend.tests.test_iteration9" name="test_designer_artwork_back_too_large" time="0.353" /><testcase classname="backend.tests.test_iteration9" name="test_designer_artwork_no_back" time="0.253" /></testsuite></testsuites>