<?xml version="1.0" encoding="utf-8"?><testsuites name="pytest tests"><testsuite name="pytest" errors="0" failures="1" skipped="0" tests="34" time="5.025" timestamp="2026-06-23T14:02:31.318154+00:00" hostname="agent-env-b8b3da7a-9cce-4d13-a3f3-09a2e779799c"><testcase classname="backend.tests.backend_test.TestRootAndProducts" name="test_root" time="0.121" /><testcase classname="backend.tests.backend_test.TestRootAndProducts" name="test_products_all" time="0.044" /><testcase classname="backend.tests.backend_test.TestRootAndProducts" name="test_products_workwear" time="0.047" /><testcase classname="backend.tests.backend_test.TestRootAndProducts" name="test_products_teams_schools" time="0.060" /><testcase classname="backend.tests.backend_test.TestRootAndProducts" name="test_single_product_ok" time="0.046" /><testcase classname="backend.tests.backend_test.TestRootAndProducts" name="test_single_product_404" time="0.047" /><testcase classname="backend.tests.backend_test.TestContact" name="test_contact_submit" time="0.053" /><testcase classname="backend.tests.backend_test.TestContact" name="test_contact_minimal" time="0.048" /><testcase classname="backend.tests.backend_test.TestContact" name="test_contact_invalid_email" time="0.047" /><testcase classname="backend.tests.backend_test.TestTheme" name="test_theme_select" time="0.053" /><testcase classname="backend.tests.backend_test.TestCheckout" name="test_checkout_invalid_product" time="0.045" /><testcase classname="backend.tests.backend_test.TestCheckout" name="test_checkout_invalid_quantity" time="0.436"><failure message="assert 200 == 400&#10; +  where 200 = &lt;Response [200]&gt;.status_code">backend/tests/backend_test.py:133: in test_checkout_invalid_quantity
    assert r.status_code == 400
E   assert 200 == 400
E    +  where 200 = &lt;Response [200]&gt;.status_code</failure></testcase><testcase classname="backend.tests.backend_test.TestCheckout" name="test_checkout_valid" time="0.702" /><testcase classname="backend.tests.test_iteration3.TestPlacements" name="test_placements_list" time="0.156" /><testcase classname="backend.tests.test_iteration3.TestProductVariants" name="test_polo_variants" time="0.051" /><testcase classname="backend.tests.test_iteration3.TestProductVariants" name="test_kids_tee_variants" time="0.045" /><testcase classname="backend.tests.test_iteration3.TestProductVariants" name="test_hivis_vest_variants" time="0.050" /><testcase classname="backend.tests.test_iteration3.TestCheckoutNewPath" name="test_polo_multi_size_with_placements" time="0.690" /><testcase classname="backend.tests.test_iteration3.TestCheckoutNewPath" name="test_exclusivity_rejected" time="0.044" /><testcase classname="backend.tests.test_iteration3.TestCheckoutNewPath" name="test_blank_ignores_placements" time="0.767" /><testcase classname="backend.tests.test_iteration3.TestCheckoutNewPath" name="test_legacy_path_kids_tee" time="0.467" /><testcase classname="backend.tests.test_iteration3.TestCheckoutNewPath" name="test_unknown_size_rejected" time="0.050" /><testcase classname="backend.tests.test_iteration3.TestCheckoutNewPath" name="test_zero_qty_rejected" time="0.045" /><testcase classname="backend.tests.test_reviews.TestCreateReview" name="test_invalid_product" time="0.154" /><testcase classname="backend.tests.test_reviews.TestCreateReview" name="test_invalid_rating_low" time="0.049" /><testcase classname="backend.tests.test_reviews.TestCreateReview" name="test_invalid_rating_high" time="0.058" /><testcase classname="backend.tests.test_reviews.TestCreateReview" name="test_create_and_filter_photos" time="0.061" /><testcase classname="backend.tests.test_reviews.TestProductReviewsAggregate" name="test_product_reviews_listing" time="0.150" /><testcase classname="backend.tests.test_reviews.TestProductReviewsAggregate" name="test_product_reviews_unknown_404" time="0.060" /><testcase classname="backend.tests.test_reviews.TestProductReviewsAggregate" name="test_aggregate_map" time="0.048" /><testcase classname="backend.tests.test_reviews.TestProductReviewsAggregate" name="test_recent_reviews" time="0.047" /><testcase classname="backend.tests.test_reviews.TestJudgeMeImport" name="test_import_mixed" time="0.047" /><testcase classname="backend.tests.test_reviews.TestJudgeMeImport" name="test_import_skipped_when_no_default_no_map" time="0.044" /><testcase classname="backend.tests.test_reviews.TestJudgeMeImport" name="test_import_marks_verified_and_judgeme" time="0.093" /></testsuite></testsuites>